<?xml version="1.0" encoding="UTF-8"?>
<!-- Generated by org.testng.reporters.JUnitXMLReporter -->
<testsuite ignored="0" hostname="WKMCO1603690" failures="0" tests="15" name="PostTests" time="21.692" errors="0" timestamp="18 mar. 2021 22:32:20 GMT">
  <testcase classname="PostTests" name="Test_Create_Post_Success" time="5.055"/>
  <testcase classname="PostTests" name="Test_Get_All_Post_Success" time="1.445"/>
  <testcase classname="PostTests" name="Test_Get_One_Post_Success" time="1.244"/>
  <testcase classname="PostTests" name="Test_Update_Post_Success" time="1.314"/>
  <testcase classname="PostTests" name="Test_Delete_Post_Success" time="1.308"/>
  <testcase classname="PostTests" name="Test_Create_Post_MandatoryField_Fail" time="1.286"/>
  <testcase classname="PostTests" name="Test_Get_All_Post_Fail" time="0.563"/>
  <testcase classname="PostTests" name="Test_Get_One_Post_doesnt_exist" time="1.246"/>
  <testcase classname="PostTests" name="Test_Update_Post_doesnt_exist_Fail" time="1.338"/>
  <testcase classname="PostTests" name="Test_Delete_Post_doesnt_Exist_Fail" time="1.364"/>
  <testcase classname="PostTests" name="Test_Create_Post_NotValidAuth" time="0.568"/>
  <testcase classname="PostTests" name="Test_Get_All_Post_NotValidAuth" time="0.631"/>
  <testcase classname="PostTests" name="Test_Get_One_Post_NotValidAuth" time="0.585"/>
  <testcase classname="PostTests" name="Test_Update_Post_NotValidAuth" time="0.572"/>
  <testcase classname="PostTests" name="Test_Delete_Post_NotValidAuth" time="0.589"/>
</testsuite> <!-- PostTests -->
