<?xml version="1.0" encoding="UTF-8"?>
<testsuite xmlns:xsi="http://www.w3.org/2001/XMLSchema-instance" xsi:noNamespaceSchemaLocation="https://maven.apache.org/surefire/maven-surefire-plugin/xsd/surefire-test-report.xsd" name="TestSuite" time="22.565" tests="30" errors="0" skipped="0" failures="0">
  <properties>
[...]
</properties>
  <testcase name="Test_Create_Post_Success" classname="PostTests" time="0.15"/>
  <testcase name="Test_Create_Comment" classname="CommentsTest" time="0.615"/>
  <testcase name="Test_Get_All_Post_Success" classname="PostTests" time="1.444"/>
  <testcase name="Test_Get_All_Comments" classname="CommentsTest" time="0.566"/>
  <testcase name="Test_Get_One_Comment" classname="CommentsTest" time="0.683"/>
  <testcase name="Test_Get_One_Post_Success" classname="PostTests" time="0"/>
  <testcase name="Test_Update_One_Comment" classname="CommentsTest" time="0.748"/>
  <testcase name="Test_Update_Post_Success" classname="PostTests" time="0.561"/>
  <testcase name="Test_Delete_One_Comment" classname="CommentsTest" time="0.124"/>
  <testcase name="Test_Create_Comment_MandatoryField_Fail" classname="CommentsTest" time="0.646"/>
  <testcase name="Test_Delete_Post_Success" classname="PostTests" time="0.537"/>
  <testcase name="Test_Get_All_Comments_Error" classname="CommentsTest" time="0.112"/>
  <testcase name="Test_Get_One_Comment_Doesnt_Exist" classname="CommentsTest" time="0.753"/>
  <testcase name="Test_Create_Post_MandatoryField_Fail" classname="PostTests" time="0.419"/>
  <testcase name="Test_Update_One_Comment_Doesnt_Exist" classname="CommentsTest" time="0.269"/>
  <testcase name="Test_Get_All_Post_Fail" classname="PostTests" time="0.294"/>
  <testcase name="Test_Delete_One_Comment_Error" classname="CommentsTest" time="0.368"/>
  <testcase name="Test_Create_Comment_NotValidAuth" classname="CommentsTest" time="0.652"/>
  <testcase name="Test_Get_One_Post_doesnt_exist" classname="PostTests" time="0.225"/>
  <testcase name="Test_Get_All_Comments_NotValidAuth" classname="CommentsTest" time="0.431"/>
  <testcase name="Test_Get_One_Comment_NotValidAuth" classname="CommentsTest" time="0.669"/>
  <testcase name="Test_Update_Post_doesnt_exist_Fail" classname="PostTests" time="0.238"/>
  <testcase name="Test_Update_One_Comment_NotValidAuth" classname="CommentsTest" time="0.48"/>
  <testcase name="Test_Delete_One_Comment_NotValidAuth" classname="CommentsTest" time="0.692"/>
  <testcase name="Test_Delete_Post_doesnt_Exist_Fail" classname="PostTests" time="0.883"/>
  <testcase name="Test_Create_Post_NotValidAuth" classname="PostTests" time="0.569"/>
  <testcase name="Test_Get_All_Post_NotValidAuth" classname="PostTests" time="0.63"/>
  <testcase name="Test_Get_One_Post_NotValidAuth" classname="PostTests" time="0.584"/>
  <testcase name="Test_Update_Post_NotValidAuth" classname="PostTests" time="0.574"/>
  <testcase name="Test_Delete_Post_NotValidAuth" classname="PostTests" time="0.587"/>
</testsuite>